[[ 10 120 154 ... 596 645 724]
 [ 20  76 169 ... 635 649 736]
 [ 21 123 189 ... 591 645 728]
 ...
 [ 61  76 154 ... 584 657 736]
 [ 48  69 139 ... 581 641 750]
 [  9 123 138 ... 612 684 734]]
Set parameter WLSAccessID
Set parameter WLSSecret
Set parameter LicenseID to value 2512760
Academic license 2512760 - for non-commercial use only - registered to u2___@hust.edu.cn
Set parameter TimeLimit to value 60
Set parameter Heuristics to value 1
Gurobi Optimizer version 11.0.1 build v11.0.1rc0 (linux64 - "Ubuntu 22.04.4 LTS")

CPU model: AMD EPYC 7542 32-Core Processor, instruction set [SSE2|AVX|AVX2]
Thread count: 64 physical cores, 128 logical processors, using up to 32 threads

Academic license 2512760 - for non-commercial use only - registered to u2___@hust.edu.cn
Optimize a model with 90928 rows, 24112 columns and 274968 nonzeros
Model fingerprint: 0x6d9b1473
Model has 24 general constraints
Variable types: 0 continuous, 24112 integer (24064 binary)
Coefficient statistics:
  Matrix range     [1e+00, 1e+00]
  Objective range  [4e-05, 4e-05]
  Bounds range     [1e+00, 2e+01]
  RHS range        [1e+00, 3e+01]
Presolve removed 74010 rows and 14941 columns
Presolve time: 0.40s
Presolved: 16918 rows, 9171 columns, 51436 nonzeros
Variable types: 0 continuous, 9171 integer (9160 binary)
Found heuristic solution: objective 0.1354759

Root relaxation: objective 0.000000e+00, 2165 iterations, 0.55 seconds (0.43 work units)

    Nodes    |    Current Node    |     Objective Bounds      |     Work
 Expl Unexpl |  Obj  Depth IntInf | Incumbent    BestBd   Gap | It/Node Time

     0     0    0.00000    0  717    0.13548    0.00000   100%     -    1s
H    0     0                       0.1354315    0.00000   100%     -    2s
H    0     0                       0.1353427    0.00000   100%     -    2s
     0     0    0.01169    0  776    0.13534    0.01169  91.4%     -    9s
H    0     0                       0.1349876    0.01169  91.3%     -    9s
     0     0    0.01648    0  802    0.13499    0.01648  87.8%     -   18s
     0     0    0.01765    0  740    0.13499    0.01765  86.9%     -   22s
     0     0    0.01878    0  722    0.13499    0.01878  86.1%     -   31s
H    0     0                       0.1348544    0.01878  86.1%     -   31s
     0     0    0.01878    0  729    0.13485    0.01878  86.1%     -   31s
     0     0    0.01885    0  714    0.13485    0.01885  86.0%     -   33s
     0     0    0.01885    0  716    0.13485    0.01885  86.0%     -   34s
     0     0    0.01885    0  715    0.13485    0.01885  86.0%     -   35s
     0     2    0.01886    0  715    0.13485    0.01886  86.0%     -   37s
     1     4    0.03552    1  897    0.13485    0.01886  86.0% 29743   55s

Cutting planes:
  Gomory: 2
  RLT: 140

Explored 3 nodes (107095 simplex iterations) in 60.02 seconds (64.48 work units)
Thread count was 32 (of 128 available processors)

Solution count 5: 0.134854 0.134988 0.135343 ... 0.135476

Time limit reached
Best objective 1.348544034091e-01, best bound 3.555575284091e-02, gap 73.6340%
Complete 100.0%: {0: 1, 1: 1, 2: 0, 3: 1, 4: 1, 5: 1, 6: 1, 7: 1, 8: 1, 9: 0, 10: 0, 11: 0, 12: 1, 13: 0, 14: 0, 15: 1, 16: 0, 17: 0, 18: 0, 19: 1, 20: 0, 21: 0, 22: 0, 23: 1, 24: 0, 25: 0, 26: 1, 27: 0, 28: 1, 29: 1, 30: 0, 31: 1, 32: 1, 33: 0, 34: 0, 35: 0, 36: 0, 37: 1, 38: 1, 39: 1, 40: 1, 41: 1, 42: 0, 43: 1, 44: 0, 45: 1, 46: 0, 47: 1, 48: 0, 49: 0, 50: 0, 51: 1, 52: 1, 53: 1, 54: 0, 55: 1, 56: 0, 57: 1, 58: 1, 59: 0, 60: 1, 61: 0, 62: 0, 63: 0, 64: 0, 65: 0, 66: 1, 67: 0, 68: 1, 69: 0, 70: 0, 71: 1, 72: 0, 73: 0, 74: 0, 75: 0, 76: 0, 77: 1, 78: 0, 79: 1, 80: 1, 81: 0, 82: 0, 83: 1, 84: 0, 85: 1, 86: 1, 87: 1, 88: 0, 89: 1, 90: 0, 91: 1, 92: 1, 93: 1, 94: 0, 95: 1, 96: 0, 97: 1, 98: 1, 99: 0, 100: 0, 101: 0, 102: 1, 103: 0, 104: 0, 105: 0, 106: 1, 107: 1, 108: 1, 109: 1, 110: 0, 111: 0, 112: 1, 113: 0, 114: 1, 115: 0, 116: 1, 117: 1, 118: 1, 119: 1, 120: 0, 121: 1, 122: 1, 123: 0, 124: 1, 125: 0, 126: 0, 127: 1, 128: 0, 129: 1, 130: 1, 131: 0, 132: 1, 133: 1, 134: 1, 135: 1, 136: 1, 137: 0, 138: 0, 139: 0, 140: 1, 141: 1, 142: 0, 143: 0, 144: 1, 145: 0, 146: 0, 147: 0, 148: 1, 149: 0, 150: 1, 151: 0, 152: 1, 153: 1, 154: 0, 155: 1, 156: 1, 157: 1, 158: 0, 159: 0, 160: 1, 161: 0, 162: 0, 163: 0, 164: 1, 165: 1, 166: 1, 167: 0, 168: 0, 169: 0, 170: 1, 171: 1, 172: 1, 173: 1, 174: 1, 175: 0, 176: 1, 177: 1, 178: 0, 179: 0, 180: 0, 181: 0, 182: 0, 183: 1, 184: 0, 185: 1, 186: 1, 187: 0, 188: 0, 189: 0, 190: 1, 191: 0, 192: 0, 193: 0, 194: 1, 195: 1, 196: 1, 197: 1, 198: 1, 199: 0, 200: 1, 201: 0, 202: 0, 203: 1, 204: 1, 205: 0, 206: 1, 207: 0, 208: 0, 209: 1, 210: 1, 211: 1, 212: 1, 213: 1, 214: 1, 215: 0, 216: 0, 217: 1, 218: 0, 219: 0, 220: 1, 221: 0, 222: 1, 223: 1, 224: 0, 225: 1, 226: 1, 227: 1, 228: 0, 229: 0, 230: 1, 231: 0, 232: 0, 233: 0, 234: 1, 235: 0, 236: 0, 237: 0, 238: 1, 239: 0, 240: 1, 241: 1, 242: 0, 243: 0, 244: 0, 245: 0, 246: 1, 247: 0, 248: 1, 249: 0, 250: 0, 251: 1, 252: 1, 253: 0, 254: 0, 255: 1, 256: 1, 257: 1, 258: 1, 259: 1, 260: 0, 261: 0, 262: 0, 263: 0, 264: 0, 265: 1, 266: 1, 267: 0, 268: 1, 269: 1, 270: 1, 271: 1, 272: 0, 273: 0, 274: 1, 275: 0, 276: 1, 277: 0, 278: 0, 279: 0, 280: 1, 281: 0, 282: 1, 283: 0, 284: 0, 285: 1, 286: 1, 287: 1, 288: 0, 289: 0, 290: 1, 291: 1, 292: 0, 293: 0, 294: 0, 295: 0, 296: 1, 297: 1, 298: 1, 299: 0, 300: 0, 301: 0, 302: 0, 303: 0, 304: 0, 305: 1, 306: 0, 307: 0, 308: 0, 309: 1, 310: 1, 311: 0, 312: 1, 313: 1, 314: 1, 315: 0, 316: 1, 317: 1, 318: 1, 319: 1, 320: 1, 321: 0, 322: 0, 323: 1, 324: 1, 325: 0, 326: 1, 327: 0, 328: 0, 329: 0, 330: 0, 331: 1, 332: 1, 333: 0, 334: 0, 335: 0, 336: 1, 337: 0, 338: 1, 339: 0, 340: 1, 341: 0, 342: 1, 343: 1, 344: 1, 345: 1, 346: 1, 347: 1, 348: 1, 349: 0, 350: 0, 351: 1, 352: 0, 353: 0, 354: 0, 355: 0, 356: 0, 357: 1, 358: 1, 359: 1, 360: 0, 361: 1, 362: 1, 363: 1, 364: 0, 365: 1, 366: 0, 367: 0, 368: 0, 369: 0, 370: 0, 371: 1, 372: 1, 373: 0, 374: 1, 375: 1, 376: 0, 377: 0, 378: 0, 379: 0, 380: 1, 381: 1, 382: 1, 383: 1, 384: 1, 385: 0, 386: 0, 387: 0, 388: 1, 389: 0, 390: 1, 391: 0, 392: 0, 393: 1, 394: 0, 395: 0, 396: 0, 397: 0, 398: 0, 399: 0, 400: 1, 401: 1, 402: 1, 403: 1, 404: 1, 405: 0, 406: 1, 407: 1, 408: 0, 409: 1, 410: 0, 411: 1, 412: 0, 413: 0, 414: 0, 415: 1, 416: 0, 417: 1, 418: 1, 419: 0, 420: 0, 421: 1, 422: 1, 423: 1, 424: 0, 425: 1, 426: 0, 427: 1, 428: 1, 429: 0, 430: 1, 431: 0, 432: 1, 433: 0, 434: 0, 435: 0, 436: 1, 437: 0, 438: 0, 439: 1, 440: 1, 441: 1, 442: 1, 443: 1, 444: 1, 445: 0, 446: 1, 447: 0, 448: 1, 449: 0, 450: 1, 451: 0, 452: 0, 453: 0, 454: 0, 455: 0, 456: 1, 457: 1, 458: 0, 459: 0, 460: 0, 461: 1, 462: 1, 463: 0, 464: 0, 465: 1, 466: 1, 467: 0, 468: 0, 469: 0, 470: 0, 471: 1, 472: 1, 473: 0, 474: 0, 475: 1, 476: 1, 477: 1, 478: 1, 479: 0, 480: 1, 481: 1, 482: 1, 483: 0, 484: 1, 485: 1, 486: 1, 487: 1, 488: 0, 489: 0, 490: 0, 491: 1, 492: 0, 493: 0, 494: 1, 495: 1, 496: 0, 497: 0, 498: 1, 499: 1, 500: 1, 501: 1, 502: 0, 503: 1, 504: 1, 505: 0, 506: 0, 507: 0, 508: 0, 509: 1, 510: 0, 511: 1, 512: 1, 513: 1, 514: 0, 515: 1, 516: 0, 517: 1, 518: 0, 519: 0, 520: 1, 521: 1, 522: 0, 523: 0, 524: 1, 525: 1, 526: 0, 527: 1, 528: 1, 529: 1, 530: 1, 531: 0, 532: 0, 533: 0, 534: 0, 535: 0, 536: 1, 537: 0, 538: 1, 539: 0, 540: 0, 541: 0, 542: 0, 543: 0, 544: 0, 545: 0, 546: 1, 547: 0, 548: 1, 549: 0, 550: 0, 551: 1, 552: 1, 553: 0, 554: 1, 555: 0, 556: 0, 557: 0, 558: 1, 559: 1, 560: 0, 561: 0, 562: 1, 563: 1, 564: 1, 565: 1, 566: 0, 567: 1, 568: 0, 569: 1, 570: 1, 571: 0, 572: 1, 573: 1, 574: 1, 575: 1, 576: 1, 577: 1, 578: 0, 579: 0, 580: 1, 581: 1, 582: 0, 583: 0, 584: 0, 585: 1, 586: 1, 587: 0, 588: 1, 589: 0, 590: 1, 591: 0, 592: 1, 593: 0, 594: 1, 595: 1, 596: 0, 597: 1, 598: 0, 599: 1, 600: 1, 601: 0, 602: 1, 603: 1, 604: 0, 605: 0, 606: 0, 607: 1, 608: 1, 609: 1, 610: 1, 611: 1, 612: 0, 613: 0, 614: 0, 615: 0, 616: 0, 617: 1, 618: 1, 619: 1, 620: 0, 621: 1, 622: 0, 623: 0, 624: 1, 625: 0, 626: 0, 627: 1, 628: 1, 629: 1, 630: 0, 631: 1, 632: 0, 633: 0, 634: 0, 635: 0, 636: 1, 637: 0, 638: 0, 639: 1, 640: 0, 641: 0, 642: 1, 643: 0, 644: 1, 645: 0, 646: 0, 647: 1, 648: 1, 649: 0, 650: 1, 651: 1, 652: 1, 653: 1, 654: 1, 655: 1, 656: 1, 657: 0, 658: 1, 659: 1, 660: 0, 661: 1, 662: 1, 663: 1, 664: 1, 665: 0, 666: 0, 667: 0, 668: 0, 669: 0, 670: 1, 671: 0, 672: 0, 673: 0, 674: 1, 675: 1, 676: 1, 677: 1, 678: 0, 679: 1, 680: 0, 681: 0, 682: 1, 683: 0, 684: 0, 685: 1, 686: 0, 687: 0, 688: 1, 689: 0, 690: 0, 691: 1, 692: 1, 693: 0, 694: 1, 695: 1, 696: 1, 697: 0, 698: 1, 699: 0, 700: 0, 701: 0, 702: 0, 703: 0, 704: 0, 705: 1, 706: 1, 707: 0, 708: 1, 709: 1, 710: 0, 711: 0, 712: 1, 713: 1, 714: 1, 715: 1, 716: 1, 717: 0, 718: 0, 719: 1, 720: 0, 721: 0, 722: 0, 723: 1, 724: 0, 725: 0, 726: 0, 727: 1, 728: 0, 729: 1, 730: 0, 731: 1, 732: 1, 733: 0, 734: 0, 735: 0, 736: 0, 737: 1, 738: 0, 739: 1, 740: 0, 741: 1, 742: 1, 743: 0, 744: 0, 745: 0, 746: 1, 747: 0, 748: 1, 749: 0, 750: 0, 751: 0, 752: 0, 753: 1, 754: 1, 755: 1, 756: 1, 757: 0, 758: 1, 759: 1, 760: 0, 761: 0, 762: 1, 763: 1, 764: 0, 765: 1, 766: 1, 767: 1}
Complete 100.0%, Average cost per token: 0.1348544032864938, load balance max: 0.0, load balance min: 0.0, load balance stdv: 0.0
Set parameter TimeLimit to value 60
Set parameter Heuristics to value 1
Gurobi Optimizer version 11.0.1 build v11.0.1rc0 (linux64 - "Ubuntu 22.04.4 LTS")

CPU model: AMD EPYC 7542 32-Core Processor, instruction set [SSE2|AVX|AVX2]
Thread count: 64 physical cores, 128 logical processors, using up to 32 threads

Academic license 2512760 - for non-commercial use only - registered to u2___@hust.edu.cn
Optimize a model with 77880 rows, 23344 columns and 234672 nonzeros
Model fingerprint: 0x98bce796
Model has 24 general constraints
Variable types: 0 continuous, 23344 integer (23296 binary)
Coefficient statistics:
  Matrix range     [1e+00, 1e+00]
  Objective range  [5e-05, 5e-05]
  Bounds range     [1e+00, 9e+00]
  RHS range        [1e+00, 2e+01]
Presolve removed 65848 rows and 16950 columns
Presolve time: 0.32s
Presolved: 12032 rows, 6394 columns, 36444 nonzeros
Variable types: 0 continuous, 6394 integer (6394 binary)
Found heuristic solution: objective 0.3235719

Root relaxation: objective 0.000000e+00, 594 iterations, 0.08 seconds (0.06 work units)

    Nodes    |    Current Node    |     Objective Bounds      |     Work
 Expl Unexpl |  Obj  Depth IntInf | Incumbent    BestBd   Gap | It/Node Time

     0     0    0.00000    0  384    0.32357    0.00000   100%     -    0s
     0     0    0.07579    0  394    0.32357    0.07579  76.6%     -   12s
     0     0    0.11486    0  477    0.32357    0.11486  64.5%     -   21s
     0     0    0.11486    0  475    0.32357    0.11486  64.5%     -   22s
     0     0    0.12359    0  384    0.32357    0.12359  61.8%     -   27s
     0     0    0.12359    0  384    0.32357    0.12359  61.8%     -   27s
     0     0    0.13013    0  385    0.32357    0.13013  59.8%     -   33s
     0     0    0.13013    0  385    0.32357    0.13013  59.8%     -   33s
     0     0    0.13245    0  387    0.32357    0.13245  59.1%     -   35s
     0     0    0.13245    0  387    0.32357    0.13245  59.1%     -   35s
     0     0    0.13379    0  385    0.32357    0.13379  58.7%     -   38s
     0     0    0.13379    0  385    0.32357    0.13379  58.7%     -   38s
     0     0    0.13483    0  387    0.32357    0.13483  58.3%     -   40s
     0     0    0.13483    0  386    0.32357    0.13483  58.3%     -   41s
     0     0    0.13581    0  385    0.32357    0.13581  58.0%     -   44s
     0     0    0.13581    0  385    0.32357    0.13581  58.0%     -   44s
     0     0    0.13581    0  385    0.32357    0.13581  58.0%     -   44s
     0     2    0.13582    0  385    0.32357    0.13582  58.0%     -   48s
     1     3    0.14592    1  538    0.32357    0.13582  58.0% 12697   60s

Cutting planes:
  Mod-K: 6
  RLT: 324

Explored 2 nodes (75698 simplex iterations) in 60.03 seconds (52.63 work units)
Thread count was 32 (of 128 available processors)

Solution count 1: 0.323572 

Time limit reached
Best objective 3.235719450470e-01, best bound 1.358330750955e-01, gap 58.0208%
Complete 100.0%: {2: 1, 9: 1, 10: 1, 11: 0, 13: 0, 14: 0, 16: 0, 17: 0, 18: 1, 20: 1, 21: 1, 22: 0, 24: 0, 25: 0, 27: 1, 30: 0, 33: 1, 34: 0, 35: 1, 36: 1, 42: 0, 44: 0, 46: 0, 48: 1, 49: 1, 50: 1, 54: 0, 56: 1, 59: 0, 61: 1, 62: 1, 63: 0, 64: 1, 65: 0, 67: 0, 69: 1, 70: 0, 72: 0, 73: 0, 74: 0, 75: 1, 76: 1, 78: 0, 81: 0, 82: 1, 84: 1, 88: 1, 90: 1, 94: 0, 96: 1, 99: 0, 100: 1, 101: 1, 103: 1, 104: 0, 105: 1, 110: 0, 111: 0, 113: 0, 115: 0, 120: 1, 123: 1, 125: 0, 126: 1, 128: 1, 131: 0, 137: 0, 138: 0, 139: 0, 142: 1, 143: 1, 145: 0, 146: 1, 147: 0, 149: 0, 151: 0, 154: 1, 158: 0, 159: 1, 161: 1, 162: 0, 163: 1, 167: 0, 168: 1, 169: 0, 175: 0, 178: 1, 179: 1, 180: 0, 181: 1, 182: 0, 184: 1, 187: 1, 188: 1, 189: 1, 191: 0, 192: 1, 193: 1, 199: 0, 201: 1, 202: 1, 205: 0, 207: 0, 208: 0, 215: 1, 216: 0, 218: 0, 219: 0, 221: 1, 224: 0, 228: 0, 229: 1, 231: 1, 232: 1, 233: 1, 235: 0, 236: 1, 237: 0, 239: 1, 242: 0, 243: 0, 244: 0, 245: 1, 247: 0, 249: 1, 250: 1, 253: 0, 254: 1, 260: 0, 261: 0, 262: 0, 263: 1, 264: 1, 267: 1, 272: 0, 273: 0, 275: 0, 277: 1, 278: 1, 279: 0, 281: 0, 283: 1, 284: 0, 288: 1, 289: 0, 292: 0, 293: 1, 294: 1, 295: 0, 299: 1, 300: 0, 301: 1, 302: 1, 303: 1, 304: 1, 306: 0, 307: 0, 308: 0, 311: 1, 315: 1, 321: 0, 322: 1, 325: 0, 327: 0, 328: 0, 329: 1, 330: 1, 333: 0, 334: 1, 335: 1, 337: 0, 339: 1, 341: 0, 349: 1, 350: 0, 352: 1, 353: 0, 354: 0, 355: 0, 356: 0, 360: 1, 364: 1, 366: 0, 367: 1, 368: 0, 369: 0, 370: 0, 373: 1, 376: 1, 377: 1, 378: 1, 379: 1, 385: 0, 386: 0, 387: 1, 389: 1, 391: 1, 392: 0, 394: 1, 395: 1, 396: 0, 397: 0, 398: 1, 399: 0, 405: 0, 408: 1, 410: 1, 412: 0, 413: 1, 414: 0, 416: 1, 419: 0, 420: 0, 424: 1, 426: 1, 429: 1, 431: 0, 433: 1, 434: 1, 435: 0, 437: 0, 438: 1, 445: 0, 447: 0, 449: 0, 451: 1, 452: 0, 453: 1, 454: 0, 455: 0, 458: 0, 459: 0, 460: 0, 463: 0, 464: 1, 467: 1, 468: 0, 469: 0, 470: 0, 473: 0, 474: 1, 479: 0, 483: 0, 488: 0, 489: 1, 490: 1, 492: 1, 493: 1, 496: 1, 497: 1, 502: 1, 505: 1, 506: 1, 507: 1, 508: 1, 510: 0, 514: 1, 516: 1, 518: 0, 519: 1, 522: 0, 523: 0, 526: 0, 531: 0, 532: 0, 533: 1, 534: 1, 535: 1, 537: 0, 539: 0, 540: 1, 541: 0, 542: 0, 543: 0, 544: 0, 545: 1, 547: 0, 549: 1, 550: 1, 553: 1, 555: 1, 556: 0, 557: 1, 560: 1, 561: 0, 566: 1, 568: 1, 571: 0, 578: 0, 579: 0, 582: 1, 583: 0, 584: 0, 587: 1, 589: 0, 591: 1, 593: 0, 596: 0, 598: 1, 601: 0, 604: 0, 605: 0, 606: 0, 612: 1, 613: 0, 614: 0, 615: 0, 616: 0, 620: 1, 622: 1, 623: 1, 625: 1, 626: 1, 630: 1, 632: 1, 633: 0, 634: 1, 635: 1, 637: 1, 638: 1, 640: 1, 641: 0, 643: 1, 645: 1, 646: 1, 649: 1, 657: 1, 660: 1, 665: 0, 666: 0, 667: 0, 668: 0, 669: 1, 671: 1, 672: 0, 673: 1, 678: 0, 680: 1, 681: 0, 683: 1, 684: 1, 686: 0, 687: 0, 689: 1, 690: 0, 693: 0, 697: 1, 699: 1, 700: 0, 701: 0, 702: 0, 703: 0, 704: 1, 707: 0, 710: 0, 711: 0, 717: 0, 718: 1, 720: 1, 721: 0, 722: 1, 724: 0, 725: 0, 726: 1, 728: 1, 730: 1, 733: 0, 734: 1, 735: 0, 736: 1, 738: 0, 740: 1, 743: 1, 744: 0, 745: 1, 747: 0, 749: 1, 750: 1, 751: 1, 752: 0, 757: 0, 760: 0, 761: 1, 764: 0}
Complete 100.0%, Average cost per token: 0.3239233852860465, load balance max: 0.0, load balance min: 0.0, load balance stdv: 0.0
Set parameter TimeLimit to value 60
Set parameter Heuristics to value 1
Gurobi Optimizer version 11.0.1 build v11.0.1rc0 (linux64 - "Ubuntu 22.04.4 LTS")

CPU model: AMD EPYC 7542 32-Core Processor, instruction set [SSE2|AVX|AVX2]
Thread count: 64 physical cores, 128 logical processors, using up to 32 threads

Academic license 2512760 - for non-commercial use only - registered to u2___@hust.edu.cn
Optimize a model with 944 rows, 23344 columns and 3864 nonzeros
Model fingerprint: 0x10ebd938
Model has 24 general constraints
Variable types: 0 continuous, 23344 integer (23296 binary)
Coefficient statistics:
  Matrix range     [1e+00, 1e+00]
  Objective range  [8e-03, 8e-03]
  Bounds range     [1e+00, 9e+00]
  RHS range        [1e+00, 2e+01]
Presolve removed 942 rows and 23341 columns
Presolve time: 0.02s
Presolved: 2 rows, 3 columns, 6 nonzeros
Variable types: 0 continuous, 3 integer (3 binary)
Found heuristic solution: objective 0.0000000

Explored 0 nodes (0 simplex iterations) in 0.02 seconds (0.01 work units)
Thread count was 32 (of 128 available processors)

Solution count 1: 0 

Optimal solution found (tolerance 1.00e-04)
Best objective 0.000000000000e+00, best bound 0.000000000000e+00, gap 0.0000%
Complete 100.0%: {0: 0, 1: 0, 3: 0, 4: 0, 5: 0, 6: 1, 7: 1, 8: 0, 12: 1, 15: 1, 19: 0, 23: 0, 26: 0, 28: 0, 29: 0, 31: 1, 32: 1, 37: 1, 38: 0, 39: 0, 40: 1, 41: 1, 43: 1, 45: 1, 47: 1, 51: 1, 52: 1, 53: 1, 55: 0, 57: 0, 58: 1, 60: 0, 66: 0, 68: 0, 71: 1, 77: 1, 79: 1, 80: 0, 83: 1, 85: 0, 86: 1, 87: 1, 89: 0, 91: 1, 92: 0, 93: 1, 95: 0, 97: 1, 98: 0, 102: 1, 106: 0, 107: 1, 108: 0, 109: 0, 112: 0, 114: 1, 116: 0, 117: 0, 118: 1, 119: 1, 121: 1, 122: 0, 124: 0, 127: 1, 129: 0, 130: 0, 132: 0, 133: 1, 134: 1, 135: 0, 136: 0, 140: 1, 141: 0, 144: 1, 148: 1, 150: 0, 152: 1, 153: 1, 155: 1, 156: 1, 157: 0, 160: 0, 164: 1, 165: 1, 166: 0, 170: 0, 171: 0, 172: 0, 173: 1, 174: 1, 176: 0, 177: 0, 183: 1, 185: 1, 186: 0, 190: 1, 194: 0, 195: 1, 196: 1, 197: 1, 198: 0, 200: 0, 203: 1, 204: 1, 206: 0, 209: 1, 210: 0, 211: 0, 212: 0, 213: 1, 214: 1, 217: 1, 220: 1, 222: 1, 223: 1, 225: 1, 226: 0, 227: 0, 230: 1, 234: 0, 238: 0, 240: 0, 241: 1, 246: 0, 248: 0, 251: 1, 252: 0, 255: 0, 256: 1, 257: 1, 258: 0, 259: 1, 265: 1, 266: 1, 268: 0, 269: 0, 270: 1, 271: 0, 274: 0, 276: 0, 280: 0, 282: 1, 285: 0, 286: 1, 287: 1, 290: 1, 291: 0, 296: 1, 297: 1, 298: 0, 305: 0, 309: 0, 310: 1, 312: 1, 313: 0, 314: 0, 316: 1, 317: 0, 318: 0, 319: 1, 320: 0, 323: 1, 324: 1, 326: 0, 331: 0, 332: 0, 336: 0, 338: 1, 340: 0, 342: 0, 343: 0, 344: 1, 345: 0, 346: 1, 347: 1, 348: 1, 351: 0, 357: 1, 358: 1, 359: 1, 361: 1, 362: 0, 363: 0, 365: 1, 371: 1, 372: 1, 374: 0, 375: 0, 380: 1, 381: 0, 382: 0, 383: 1, 384: 1, 388: 1, 390: 1, 393: 1, 400: 0, 401: 1, 402: 1, 403: 1, 404: 0, 406: 1, 407: 0, 409: 0, 411: 1, 415: 1, 417: 1, 418: 1, 421: 0, 422: 0, 423: 0, 425: 1, 427: 0, 428: 1, 430: 0, 432: 0, 436: 0, 439: 0, 440: 1, 441: 0, 442: 1, 443: 0, 444: 0, 446: 0, 448: 0, 450: 0, 456: 0, 457: 1, 461: 0, 462: 0, 465: 1, 466: 1, 471: 1, 472: 1, 475: 1, 476: 0, 477: 0, 478: 0, 480: 1, 481: 1, 482: 1, 484: 1, 485: 1, 486: 0, 487: 1, 491: 1, 494: 0, 495: 1, 498: 0, 499: 0, 500: 0, 501: 1, 503: 0, 504: 1, 509: 0, 511: 0, 512: 1, 513: 0, 515: 0, 517: 0, 520: 1, 521: 0, 524: 1, 525: 1, 527: 1, 528: 0, 529: 1, 530: 1, 536: 1, 538: 1, 546: 1, 548: 1, 551: 0, 552: 0, 554: 1, 558: 1, 559: 1, 562: 1, 563: 1, 564: 0, 565: 0, 567: 0, 569: 0, 570: 0, 572: 0, 573: 0, 574: 0, 575: 0, 576: 1, 577: 1, 580: 1, 581: 1, 585: 0, 586: 1, 588: 1, 590: 0, 592: 0, 594: 0, 595: 1, 597: 0, 599: 0, 600: 1, 602: 0, 603: 0, 607: 0, 608: 0, 609: 1, 610: 0, 611: 0, 617: 1, 618: 1, 619: 1, 621: 1, 624: 0, 627: 1, 628: 0, 629: 1, 631: 1, 636: 0, 639: 0, 642: 1, 644: 1, 647: 1, 648: 0, 650: 1, 651: 1, 652: 0, 653: 1, 654: 1, 655: 0, 656: 0, 658: 0, 659: 0, 661: 1, 662: 1, 663: 0, 664: 1, 670: 1, 674: 0, 675: 0, 676: 1, 677: 0, 679: 1, 682: 0, 685: 0, 688: 1, 691: 1, 692: 0, 694: 0, 695: 1, 696: 0, 698: 0, 705: 0, 706: 0, 708: 0, 709: 0, 712: 1, 713: 0, 714: 1, 715: 0, 716: 1, 719: 0, 723: 1, 727: 1, 729: 0, 731: 0, 732: 0, 737: 1, 739: 1, 741: 1, 742: 1, 746: 1, 748: 1, 753: 1, 754: 1, 755: 0, 756: 1, 758: 1, 759: 0, 762: 0, 763: 0, 765: 0, 766: 1, 767: 0}
Complete 100.0%, Average cost per token: 0.0, load balance max: 0.0, load balance min: 0.0, load balance stdv: 0.0
{0: 0, 1: 0, 2: 0, 3: 0, 4: 0, 5: 0, 6: 0, 7: 0, 8: 0, 9: 0, 10: 0, 11: 0, 12: 0, 13: 0, 14: 0, 15: 0, 16: 1, 17: 1, 18: 1, 19: 1, 20: 1, 21: 1, 22: 1, 23: 1, 24: 1, 25: 1, 26: 1, 27: 1, 28: 1, 29: 1, 30: 1, 31: 1, 32: 2, 33: 2, 34: 2, 35: 2, 36: 2, 37: 2, 38: 2, 39: 2, 40: 2, 41: 2, 42: 2, 43: 2, 44: 2, 45: 2, 46: 2, 47: 2, 48: 3, 49: 3, 50: 3, 51: 3, 52: 3, 53: 3, 54: 3, 55: 3, 56: 3, 57: 3, 58: 3, 59: 3, 60: 3, 61: 3, 62: 3, 63: 3, 64: 0, 65: 0, 66: 0, 67: 0, 68: 0, 69: 0, 70: 0, 71: 0, 72: 0, 73: 0, 74: 0, 75: 0, 76: 0, 77: 0, 78: 0, 79: 0, 80: 1, 81: 1, 82: 1, 83: 1, 84: 1, 85: 1, 86: 1, 87: 1, 88: 1, 89: 1, 90: 1, 91: 1, 92: 1, 93: 1, 94: 1, 95: 1, 96: 2, 97: 2, 98: 2, 99: 2, 100: 2, 101: 2, 102: 2, 103: 2, 104: 2, 105: 2, 106: 2, 107: 2, 108: 2, 109: 2, 110: 2, 111: 2, 112: 3, 113: 3, 114: 3, 115: 3, 116: 3, 117: 3, 118: 3, 119: 3, 120: 3, 121: 3, 122: 3, 123: 3, 124: 3, 125: 3, 126: 3, 127: 3, 128: 0, 129: 0, 130: 0, 131: 0, 132: 0, 133: 0, 134: 0, 135: 0, 136: 0, 137: 0, 138: 0, 139: 0, 140: 0, 141: 0, 142: 0, 143: 0, 144: 1, 145: 1, 146: 1, 147: 1, 148: 1, 149: 1, 150: 1, 151: 1, 152: 1, 153: 1, 154: 1, 155: 1, 156: 1, 157: 1, 158: 1, 159: 1, 160: 2, 161: 2, 162: 2, 163: 2, 164: 2, 165: 2, 166: 2, 167: 2, 168: 2, 169: 2, 170: 2, 171: 2, 172: 2, 173: 2, 174: 2, 175: 2, 176: 3, 177: 3, 178: 3, 179: 3, 180: 3, 181: 3, 182: 3, 183: 3, 184: 3, 185: 3, 186: 3, 187: 3, 188: 3, 189: 3, 190: 3, 191: 3, 192: 0, 193: 0, 194: 0, 195: 0, 196: 0, 197: 0, 198: 0, 199: 0, 200: 0, 201: 0, 202: 0, 203: 0, 204: 0, 205: 0, 206: 0, 207: 0, 208: 1, 209: 1, 210: 1, 211: 1, 212: 1, 213: 1, 214: 1, 215: 1, 216: 1, 217: 1, 218: 1, 219: 1, 220: 1, 221: 1, 222: 1, 223: 1, 224: 2, 225: 2, 226: 2, 227: 2, 228: 2, 229: 2, 230: 2, 231: 2, 232: 2, 233: 2, 234: 2, 235: 2, 236: 2, 237: 2, 238: 2, 239: 2, 240: 3, 241: 3, 242: 3, 243: 3, 244: 3, 245: 3, 246: 3, 247: 3, 248: 3, 249: 3, 250: 3, 251: 3, 252: 3, 253: 3, 254: 3, 255: 3, 256: 0, 257: 0, 258: 0, 259: 0, 260: 0, 261: 0, 262: 0, 263: 0, 264: 0, 265: 0, 266: 0, 267: 0, 268: 0, 269: 0, 270: 0, 271: 0, 272: 1, 273: 1, 274: 1, 275: 1, 276: 1, 277: 1, 278: 1, 279: 1, 280: 1, 281: 1, 282: 1, 283: 1, 284: 1, 285: 1, 286: 1, 287: 1, 288: 2, 289: 2, 290: 2, 291: 2, 292: 2, 293: 2, 294: 2, 295: 2, 296: 2, 297: 2, 298: 2, 299: 2, 300: 2, 301: 2, 302: 2, 303: 2, 304: 3, 305: 3, 306: 3, 307: 3, 308: 3, 309: 3, 310: 3, 311: 3, 312: 3, 313: 3, 314: 3, 315: 3, 316: 3, 317: 3, 318: 3, 319: 3, 320: 0, 321: 0, 322: 0, 323: 0, 324: 0, 325: 0, 326: 0, 327: 0, 328: 0, 329: 0, 330: 0, 331: 0, 332: 0, 333: 0, 334: 0, 335: 0, 336: 1, 337: 1, 338: 1, 339: 1, 340: 1, 341: 1, 342: 1, 343: 1, 344: 1, 345: 1, 346: 1, 347: 1, 348: 1, 349: 1, 350: 1, 351: 1, 352: 2, 353: 2, 354: 2, 355: 2, 356: 2, 357: 2, 358: 2, 359: 2, 360: 2, 361: 2, 362: 2, 363: 2, 364: 2, 365: 2, 366: 2, 367: 2, 368: 3, 369: 3, 370: 3, 371: 3, 372: 3, 373: 3, 374: 3, 375: 3, 376: 3, 377: 3, 378: 3, 379: 3, 380: 3, 381: 3, 382: 3, 383: 3, 384: 0, 385: 0, 386: 0, 387: 0, 388: 0, 389: 0, 390: 0, 391: 0, 392: 0, 393: 0, 394: 0, 395: 0, 396: 0, 397: 0, 398: 0, 399: 0, 400: 1, 401: 1, 402: 1, 403: 1, 404: 1, 405: 1, 406: 1, 407: 1, 408: 1, 409: 1, 410: 1, 411: 1, 412: 1, 413: 1, 414: 1, 415: 1, 416: 2, 417: 2, 418: 2, 419: 2, 420: 2, 421: 2, 422: 2, 423: 2, 424: 2, 425: 2, 426: 2, 427: 2, 428: 2, 429: 2, 430: 2, 431: 2, 432: 3, 433: 3, 434: 3, 435: 3, 436: 3, 437: 3, 438: 3, 439: 3, 440: 3, 441: 3, 442: 3, 443: 3, 444: 3, 445: 3, 446: 3, 447: 3, 448: 0, 449: 0, 450: 0, 451: 0, 452: 0, 453: 0, 454: 0, 455: 0, 456: 0, 457: 0, 458: 0, 459: 0, 460: 0, 461: 0, 462: 0, 463: 0, 464: 1, 465: 1, 466: 1, 467: 1, 468: 1, 469: 1, 470: 1, 471: 1, 472: 1, 473: 1, 474: 1, 475: 1, 476: 1, 477: 1, 478: 1, 479: 1, 480: 2, 481: 2, 482: 2, 483: 2, 484: 2, 485: 2, 486: 2, 487: 2, 488: 2, 489: 2, 490: 2, 491: 2, 492: 2, 493: 2, 494: 2, 495: 2, 496: 3, 497: 3, 498: 3, 499: 3, 500: 3, 501: 3, 502: 3, 503: 3, 504: 3, 505: 3, 506: 3, 507: 3, 508: 3, 509: 3, 510: 3, 511: 3, 512: 0, 513: 0, 514: 0, 515: 0, 516: 0, 517: 0, 518: 0, 519: 0, 520: 0, 521: 0, 522: 0, 523: 0, 524: 0, 525: 0, 526: 0, 527: 0, 528: 1, 529: 1, 530: 1, 531: 1, 532: 1, 533: 1, 534: 1, 535: 1, 536: 1, 537: 1, 538: 1, 539: 1, 540: 1, 541: 1, 542: 1, 543: 1, 544: 2, 545: 2, 546: 2, 547: 2, 548: 2, 549: 2, 550: 2, 551: 2, 552: 2, 553: 2, 554: 2, 555: 2, 556: 2, 557: 2, 558: 2, 559: 2, 560: 3, 561: 3, 562: 3, 563: 3, 564: 3, 565: 3, 566: 3, 567: 3, 568: 3, 569: 3, 570: 3, 571: 3, 572: 3, 573: 3, 574: 3, 575: 3, 576: 0, 577: 0, 578: 0, 579: 0, 580: 0, 581: 0, 582: 0, 583: 0, 584: 0, 585: 0, 586: 0, 587: 0, 588: 0, 589: 0, 590: 0, 591: 0, 592: 1, 593: 1, 594: 1, 595: 1, 596: 1, 597: 1, 598: 1, 599: 1, 600: 1, 601: 1, 602: 1, 603: 1, 604: 1, 605: 1, 606: 1, 607: 1, 608: 2, 609: 2, 610: 2, 611: 2, 612: 2, 613: 2, 614: 2, 615: 2, 616: 2, 617: 2, 618: 2, 619: 2, 620: 2, 621: 2, 622: 2, 623: 2, 624: 3, 625: 3, 626: 3, 627: 3, 628: 3, 629: 3, 630: 3, 631: 3, 632: 3, 633: 3, 634: 3, 635: 3, 636: 3, 637: 3, 638: 3, 639: 3, 640: 0, 641: 0, 642: 0, 643: 0, 644: 0, 645: 0, 646: 0, 647: 0, 648: 0, 649: 0, 650: 0, 651: 0, 652: 0, 653: 0, 654: 0, 655: 0, 656: 1, 657: 1, 658: 1, 659: 1, 660: 1, 661: 1, 662: 1, 663: 1, 664: 1, 665: 1, 666: 1, 667: 1, 668: 1, 669: 1, 670: 1, 671: 1, 672: 2, 673: 2, 674: 2, 675: 2, 676: 2, 677: 2, 678: 2, 679: 2, 680: 2, 681: 2, 682: 2, 683: 2, 684: 2, 685: 2, 686: 2, 687: 2, 688: 3, 689: 3, 690: 3, 691: 3, 692: 3, 693: 3, 694: 3, 695: 3, 696: 3, 697: 3, 698: 3, 699: 3, 700: 3, 701: 3, 702: 3, 703: 3, 704: 0, 705: 0, 706: 0, 707: 0, 708: 0, 709: 0, 710: 0, 711: 0, 712: 0, 713: 0, 714: 0, 715: 0, 716: 0, 717: 0, 718: 0, 719: 0, 720: 1, 721: 1, 722: 1, 723: 1, 724: 1, 725: 1, 726: 1, 727: 1, 728: 1, 729: 1, 730: 1, 731: 1, 732: 1, 733: 1, 734: 1, 735: 1, 736: 2, 737: 2, 738: 2, 739: 2, 740: 2, 741: 2, 742: 2, 743: 2, 744: 2, 745: 2, 746: 2, 747: 2, 748: 2, 749: 2, 750: 2, 751: 2, 752: 3, 753: 3, 754: 3, 755: 3, 756: 3, 757: 3, 758: 3, 759: 3, 760: 3, 761: 3, 762: 3, 763: 3, 764: 3, 765: 3, 766: 3, 767: 3}
Vanilla placement:
8.191894523802732 2.7306315079342443 0
After optimization:
4.542480464620478 1.5141601548734929 0
